<?xml version="1.0" encoding="UTF-8"?>
<!-- Generated by org.testng.reporters.JUnitReportReporter -->
<testsuite hostname="LAPTOP-V29LVMNM" failures="0" tests="1" name="cucumber.TestNGTestRunner" time="6.517" errors="0" timestamp="2025-03-25T00:13:52 EET" skipped="0">
  <testcase classname="cucumber.TestNGTestRunner" name="runScenario" time="6.517"/>
</testsuite> <!-- cucumber.TestNGTestRunner -->
