<?xml version="1.0" encoding="UTF-8"?>
<!-- Generated by org.testng.reporters.JUnitReportReporter -->
<testsuite hostname="LAPTOP-V29LVMNM" failures="0" tests="2" name="Tests.ErrorValidationsTest" time="37.922" errors="0" timestamp="2025-03-24T22:50:48 EET" skipped="0">
  <testcase classname="Tests.ErrorValidationsTest" name="productErrorValidation" time="22.881"/>
  <testcase classname="Tests.ErrorValidationsTest" name="logInErrorValidation" time="15.041"/>
</testsuite> <!-- Tests.ErrorValidationsTest -->
