<?xml version="1.0" encoding="UTF-8"?>
<!-- Generated by org.testng.reporters.JUnitReportReporter -->
<testsuite hostname="LAPTOP-V29LVMNM" failures="0" tests="3" name="Tests.SubmitOrderTest" time="43.318" errors="0" timestamp="2025-03-24T22:50:48 EET" skipped="0">
  <testcase classname="Tests.SubmitOrderTest" name="submitOrder" time="18.801"/>
  <testcase classname="Tests.SubmitOrderTest" name="orderHistoryTest" time="10.958"/>
  <testcase classname="Tests.SubmitOrderTest" name="submitOrder" time="13.559"/>
</testsuite> <!-- Tests.SubmitOrderTest -->
